[1107/121556.379:ERROR:process_info.cc(329)] VirtualQueryEx: Accès refusé. (0x5)
[1107/123630.985:ERROR:directory_reader_win.cc(43)] FindFirstFile: Le chemin d’accès spécifié est introuvable. (0x3)
[1107/124744.240:ERROR:process_info.cc(329)] VirtualQueryEx: Accès refusé. (0x5)
[1107/124744.240:ERROR:process_info.cc(556)] ReadMemoryInfo failed
[1107/130035.318:ERROR:process_info.cc(329)] VirtualQueryEx: Accès refusé. (0x5)
[1107/130035.318:ERROR:process_info.cc(556)] ReadMemoryInfo failed
[1107/130035.318:ERROR:scoped_process_suspend.cc(40)] NtResumeProcess: Tentative d’accès à un processus en cours d’arrêt. (0xc000010a)
[1107/143719.722:ERROR:directory_reader_win.cc(43)] FindFirstFile: Le chemin d’accès spécifié est introuvable. (0x3)
[1108/114911.106:ERROR:process_info.cc(329)] VirtualQueryEx: Accès refusé. (0x5)
[1108/114911.121:ERROR:process_info.cc(556)] ReadMemoryInfo failed
[1108/114911.121:ERROR:scoped_process_suspend.cc(40)] NtResumeProcess: Tentative d’accès à un processus en cours d’arrêt. (0xc000010a)
[1108/122426.131:ERROR:process_info.cc(329)] VirtualQueryEx: Accès refusé. (0x5)
[1108/122426.132:ERROR:process_info.cc(556)] ReadMemoryInfo failed
[1108/122426.133:ERROR:scoped_process_suspend.cc(40)] NtResumeProcess: Tentative d’accès à un processus en cours d’arrêt. (0xc000010a)
[1108/151607.138:ERROR:file_io_win.cc(162)] CreateFile C:\Users\User\AppData\Local\Temp\karma-77104697\Crashpad\settings.dat: Le fichier spécifié est introuvable. (0x2)
[1108/163946.961:ERROR:process_info.cc(329)] VirtualQueryEx: Accès refusé. (0x5)
[1108/163946.961:ERROR:process_info.cc(556)] ReadMemoryInfo failed
[1108/163946.961:ERROR:scoped_process_suspend.cc(40)] NtResumeProcess: Tentative d’accès à un processus en cours d’arrêt. (0xc000010a)
[1108/173801.980:ERROR:directory_reader_win.cc(43)] FindFirstFile: Le chemin d’accès spécifié est introuvable. (0x3)
[1109/111720.593:ERROR:directory_reader_win.cc(43)] FindFirstFile: Le chemin d’accès spécifié est introuvable. (0x3)
[1109/113900.730:ERROR:process_reader_win.cc(151)] SuspendThread: Accès refusé. (0x5)
[1109/113900.761:ERROR:process_reader_win.cc(151)] SuspendThread: Accès refusé. (0x5)
[1109/131138.411:ERROR:process_info.cc(329)] VirtualQueryEx: Accès refusé. (0x5)
[1109/131138.411:ERROR:process_info.cc(556)] ReadMemoryInfo failed
[1109/131138.411:ERROR:process_memory_win.cc(39)] Failed to initialize ProcessInfo.
[1109/131138.411:ERROR:scoped_process_suspend.cc(40)] NtResumeProcess: Tentative d’accès à un processus en cours d’arrêt. (0xc000010a)
[1109/140549.797:ERROR:process_info.cc(329)] VirtualQueryEx: Accès refusé. (0x5)
[1109/140549.800:ERROR:process_info.cc(556)] ReadMemoryInfo failed
[1109/140549.800:ERROR:process_memory_win.cc(39)] Failed to initialize ProcessInfo.
[1109/140549.800:ERROR:scoped_process_suspend.cc(40)] NtResumeProcess: Tentative d’accès à un processus en cours d’arrêt. (0xc000010a)
